2026-06-14 14:59:12,146 - INFO - Data Ingestion Started....
2026-06-14 14:59:12,146 - INFO - Starting Data Ingestion Process....
2026-06-14 14:59:14,844 - INFO - Downloading Smaller Files ie anime and anime_with synopsis
2026-06-14 14:59:17,141 - INFO - Downloading Smaller Files ie anime and anime_with synopsis
2026-06-14 14:59:17,387 - ERROR - Error while downloading data from GCP
2026-06-14 14:59:17,388 - ERROR - CustomException : Error in /Users/nanu/Desktop/Projects/GCP-Mlops-Advance/Anime Recommendation/src/data_ingestion.py , line 36 : Failed to download data
2026-06-14 14:59:17,389 - INFO - Data Ingestion DONE...
2026-06-14 14:59:46,752 - INFO - Data Ingestion Started....
2026-06-14 14:59:46,753 - INFO - Starting Data Ingestion Process....
2026-06-14 14:59:49,540 - INFO - Downloading Smaller Files ie anime and anime_with synopsis
2026-06-14 14:59:51,377 - INFO - Downloading Smaller Files ie anime and anime_with synopsis
2026-06-14 14:59:51,635 - ERROR - Error while downloading data from GCP
2026-06-14 14:59:51,636 - ERROR - CustomException : Error in /Users/nanu/Desktop/Projects/GCP-Mlops-Advance/Anime Recommendation/src/data_ingestion.py , line 35 : Failed to download data
2026-06-14 14:59:51,636 - INFO - Data Ingestion DONE...
2026-06-14 15:00:27,865 - INFO - Data Ingestion Started....
2026-06-14 15:00:27,865 - INFO - Starting Data Ingestion Process....
2026-06-14 15:00:30,589 - INFO - Downloading Smaller Files ie anime and anime_with synopsis
2026-06-14 15:00:32,889 - INFO - Downloading Smaller Files ie anime and anime_with synopsis
2026-06-14 15:00:33,210 - ERROR - Error while downloading data from GCP
2026-06-14 15:00:33,211 - ERROR - CustomException : Error in /Users/nanu/Desktop/Projects/GCP-Mlops-Advance/Anime Recommendation/src/data_ingestion.py , line 36 : Failed to download data
2026-06-14 15:00:33,211 - INFO - Data Ingestion DONE...
2026-06-14 15:01:19,396 - INFO - Data Ingestion Started....
2026-06-14 15:01:19,396 - INFO - Starting Data Ingestion Process....
2026-06-14 15:01:21,981 - INFO - Downloading Smaller Files ie anime and anime_with synopsis
2026-06-14 15:01:24,089 - INFO - Downloading Smaller Files ie anime and anime_with synopsis
2026-06-14 15:01:24,346 - ERROR - Error while downloading data from GCP
2026-06-14 15:01:24,347 - ERROR - CustomException : Error in /Users/nanu/Desktop/Projects/GCP-Mlops-Advance/Anime Recommendation/src/data_ingestion.py , line 36 : Failed to download data
2026-06-14 15:01:24,347 - INFO - Data Ingestion DONE...
2026-06-14 15:02:03,213 - INFO - Data Ingestion Started....
2026-06-14 15:02:03,213 - INFO - Starting Data Ingestion Process....
2026-06-14 15:02:06,218 - INFO - Downloading Smaller Files ie anime and anime_with synopsis
2026-06-14 15:02:08,472 - INFO - Downloading Smaller Files ie anime and anime_with synopsis
2026-06-14 15:02:08,702 - ERROR - Error while downloading data from GCP
2026-06-14 15:02:08,703 - ERROR - CustomException : Error in /Users/nanu/Desktop/Projects/GCP-Mlops-Advance/Anime Recommendation/src/data_ingestion.py , line 37 : Failed to download data
2026-06-14 15:02:08,703 - INFO - Data Ingestion DONE...
2026-06-14 15:06:37,069 - INFO - Starting Data Ingestion Process....
2026-06-14 15:06:37,187 - INFO - Downloading anime.csv from GCP bucket dev-ar01 to artifacts/raw_data/anime.csv
2026-06-14 15:06:39,702 - INFO - Downloading anime_with_synopsis.csv from GCP bucket dev-ar01 to artifacts/raw_data/anime_with_synopsis.csv
2026-06-14 15:06:41,912 - INFO - Downloading anime_list.csv from GCP bucket dev-ar01 to artifacts/raw_data/anime_list.csv
2026-06-14 15:06:42,152 - ERROR - Error while downloading data from GCP: 404 GET https://storage.googleapis.com/download/storage/v1/b/dev-ar01/o/anime_list.csv?alt=media: No such object: dev-ar01/anime_list.csv: ('Request failed with status code', 404, 'Expected one of', <HTTPStatus.OK: 200>, <HTTPStatus.PARTIAL_CONTENT: 206>)
2026-06-14 15:06:42,153 - ERROR - CustomException : Error in /Users/nanu/Desktop/Projects/GCP-Mlops-Advance/Anime Recommendation/src/data_ingestion.py , line 37 : Failed to download data
2026-06-14 15:06:42,153 - INFO - Data Ingestion DONE...
2026-06-14 15:09:29,886 - INFO - Starting Data Ingestion Process....
2026-06-14 15:09:29,993 - INFO - Downloading anime.csv from GCP bucket dev-ar01
2026-06-14 15:09:32,907 - INFO - Downloading anime_with_synopsis.csv from GCP bucket dev-ar01
2026-06-14 15:09:35,203 - INFO - Downloading animelist.csv from GCP bucket dev-ar01
2026-06-14 15:11:31,520 - INFO - Large file detected Only downloading 5M rows
2026-06-14 15:11:31,523 - INFO - Data Ingestion Completed...
2026-06-14 15:11:31,523 - INFO - Data Ingestion DONE...
