2026-06-13 23:01:39,541 - INFO - Data Ingestion Started....
2026-06-13 23:01:39,541 - INFO - Starting Data Ingestion Process....
2026-06-13 23:01:42,424 - INFO - Downloading Smaller Files ie anime and anime_with synopsis
2026-06-13 23:01:44,917 - INFO - Downloading Smaller Files ie anime and anime_with synopsis
2026-06-13 23:01:45,223 - ERROR - Error while downloading data from GCP
2026-06-13 23:01:45,224 - ERROR - CustomException : Error in /Users/nanu/Desktop/Projects/GCP-Mlops-Advance/Anime Recommendation/src/data_ingestion.py , line 35 : Failed to download data
2026-06-13 23:01:45,224 - INFO - Data Ingestion DONE...
2026-06-13 23:02:52,564 - INFO - Data Ingestion Started....
2026-06-13 23:02:52,564 - INFO - Starting Data Ingestion Process....
2026-06-13 23:02:55,096 - INFO - Downloading Smaller Files ie anime and anime_with synopsis
2026-06-13 23:02:57,420 - INFO - Downloading Smaller Files ie anime and anime_with synopsis
2026-06-13 23:02:57,679 - ERROR - Error while downloading data from GCP
2026-06-13 23:02:57,680 - ERROR - CustomException : Error in /Users/nanu/Desktop/Projects/GCP-Mlops-Advance/Anime Recommendation/src/data_ingestion.py , line 35 : Failed to download data
2026-06-13 23:02:57,680 - INFO - Data Ingestion DONE...
2026-06-13 23:05:33,746 - INFO - Data Ingestion Started....
2026-06-13 23:05:33,746 - INFO - Starting Data Ingestion Process....
2026-06-13 23:05:36,350 - INFO - Downloading Smaller Files ie anime and anime_with synopsis
2026-06-13 23:05:38,810 - INFO - Downloading Smaller Files ie anime and anime_with synopsis
2026-06-13 23:05:39,047 - ERROR - Error while downloading data from GCP
2026-06-13 23:05:39,048 - ERROR - CustomException : Error in /Users/nanu/Desktop/Projects/GCP-Mlops-Advance/Anime Recommendation/src/data_ingestion.py , line 36 : Failed to download data
2026-06-13 23:05:39,049 - INFO - Data Ingestion DONE...
